2023_09_13_21_14_00:scan-input:main:test2
2023_09_13_21_14_00:scan-input:interval:120000 ms -1 time(s)
2023_09_13_21_15_39:scan-input:main:test2
2023_09_13_21_15_39:scan-input:main:the scan is running
2023_09_13_21_16_00:scan-input:scanFiles:./input/
2023_09_13_21_16_00:scan-input:listDirFiles:./input/
2023_09_13_21_16_00:scan-input:listDirFiles:there are 1 files
2023_09_13_21_16_00:scan-input:getClassProcessFile:execute:listFiles:EVTWPAN2710201.txt
2023_09_13_21_16_00:scan-input:getClassProcessFile:execute:call
2023_09_13_21_16_00:inputfile:processfile:listFile:EVTWPAN2710201.txt
2023_09_13_21_16_00:inputfile:listDirFiles:./input//EVTWPAN2710201.txt
2023_09_13_21_16_00:inputfile:listDirFiles:./input//EVTWPAN2710201.txt
2023_09_13_21_16_01:inputfile:moveFile:./input//EVTWPAN2710201.txt moved to ./output/EVTWPAN2710201.txt
2023_09_13_21_18_00:scan-input:scanFiles:./input/
2023_09_13_21_18_00:scan-input:listDirFiles:./input/
2023_09_13_21_18_00:scan-input:listDirFiles:No file found
2023_09_13_21_20_00:scan-input:scanFiles:./input/
2023_09_13_21_20_00:scan-input:listDirFiles:./input/
2023_09_13_21_20_00:scan-input:listDirFiles:No file found
2023_09_13_21_22_00:scan-input:scanFiles:./input/
2023_09_13_21_22_00:scan-input:listDirFiles:./input/
2023_09_13_21_22_00:scan-input:listDirFiles:No file found
2023_09_13_21_24_00:scan-input:scanFiles:./input/
2023_09_13_21_24_00:scan-input:listDirFiles:./input/
2023_09_13_21_24_00:scan-input:listDirFiles:No file found
2023_09_13_21_26_00:scan-input:scanFiles:./input/
2023_09_13_21_26_00:scan-input:listDirFiles:./input/
2023_09_13_21_26_00:scan-input:listDirFiles:No file found
2023_09_13_21_28_00:scan-input:scanFiles:./input/
2023_09_13_21_28_00:scan-input:listDirFiles:./input/
2023_09_13_21_28_00:scan-input:listDirFiles:No file found
2023_09_13_21_30_00:scan-input:scanFiles:./input/
2023_09_13_21_30_00:scan-input:listDirFiles:./input/
2023_09_13_21_30_00:scan-input:listDirFiles:No file found
2023_09_13_21_32_00:scan-input:scanFiles:./input/
2023_09_13_21_32_00:scan-input:listDirFiles:./input/
2023_09_13_21_32_00:scan-input:listDirFiles:No file found
2023_09_13_21_34_00:scan-input:scanFiles:./input/
2023_09_13_21_34_00:scan-input:listDirFiles:./input/
2023_09_13_21_34_00:scan-input:listDirFiles:No file found
2023_09_13_21_36_00:scan-input:scanFiles:./input/
2023_09_13_21_36_00:scan-input:listDirFiles:./input/
2023_09_13_21_36_00:scan-input:listDirFiles:No file found
2023_09_13_21_38_00:scan-input:scanFiles:./input/
2023_09_13_21_38_00:scan-input:listDirFiles:./input/
2023_09_13_21_38_00:scan-input:listDirFiles:No file found
2023_09_13_21_40_00:scan-input:scanFiles:./input/
2023_09_13_21_40_00:scan-input:listDirFiles:./input/
2023_09_13_21_40_00:scan-input:listDirFiles:No file found
2023_09_13_21_42_00:scan-input:scanFiles:./input/
2023_09_13_21_42_00:scan-input:listDirFiles:./input/
2023_09_13_21_42_00:scan-input:listDirFiles:No file found
2023_09_13_21_44_00:scan-input:scanFiles:./input/
2023_09_13_21_44_00:scan-input:listDirFiles:./input/
2023_09_13_21_44_00:scan-input:listDirFiles:No file found
2023_09_13_21_46_00:scan-input:scanFiles:./input/
2023_09_13_21_46_00:scan-input:listDirFiles:./input/
2023_09_13_21_46_00:scan-input:listDirFiles:No file found
2023_09_13_21_48_00:scan-input:scanFiles:./input/
2023_09_13_21_48_01:scan-input:listDirFiles:./input/
2023_09_13_21_48_01:scan-input:listDirFiles:No file found
2023_09_13_21_50_01:scan-input:scanFiles:./input/
2023_09_13_21_50_01:scan-input:listDirFiles:./input/
2023_09_13_21_50_01:scan-input:listDirFiles:No file found
2023_09_13_21_52_01:scan-input:scanFiles:./input/
2023_09_13_21_52_01:scan-input:listDirFiles:./input/
2023_09_13_21_52_01:scan-input:listDirFiles:No file found
2023_09_13_21_54_01:scan-input:scanFiles:./input/
2023_09_13_21_54_01:scan-input:listDirFiles:./input/
2023_09_13_21_54_01:scan-input:listDirFiles:No file found
2023_09_13_21_56_01:scan-input:scanFiles:./input/
2023_09_13_21_56_01:scan-input:listDirFiles:./input/
2023_09_13_21_56_01:scan-input:listDirFiles:No file found
2023_09_13_21_58_01:scan-input:scanFiles:./input/
2023_09_13_21_58_01:scan-input:listDirFiles:./input/
2023_09_13_21_58_01:scan-input:listDirFiles:No file found
2023_09_13_22_00_01:scan-input:scanFiles:./input/
2023_09_13_22_00_01:scan-input:listDirFiles:./input/
2023_09_13_22_00_01:scan-input:listDirFiles:No file found
2023_09_13_22_02_01:scan-input:scanFiles:./input/
2023_09_13_22_02_01:scan-input:listDirFiles:./input/
2023_09_13_22_02_01:scan-input:listDirFiles:No file found
2023_09_13_22_04_01:scan-input:scanFiles:./input/
2023_09_13_22_04_01:scan-input:listDirFiles:./input/
2023_09_13_22_04_01:scan-input:listDirFiles:No file found
2023_09_13_22_06_01:scan-input:scanFiles:./input/
2023_09_13_22_06_01:scan-input:listDirFiles:./input/
2023_09_13_22_06_01:scan-input:listDirFiles:No file found
2023_09_13_22_08_01:scan-input:scanFiles:./input/
2023_09_13_22_08_01:scan-input:listDirFiles:./input/
2023_09_13_22_08_01:scan-input:listDirFiles:No file found
2023_09_13_22_10_01:scan-input:scanFiles:./input/
2023_09_13_22_10_01:scan-input:listDirFiles:./input/
2023_09_13_22_10_01:scan-input:listDirFiles:No file found
2023_09_13_22_12_01:scan-input:scanFiles:./input/
2023_09_13_22_12_01:scan-input:listDirFiles:./input/
2023_09_13_22_12_01:scan-input:listDirFiles:No file found
2023_09_13_22_14_01:scan-input:scanFiles:./input/
2023_09_13_22_14_01:scan-input:listDirFiles:./input/
2023_09_13_22_14_01:scan-input:listDirFiles:No file found
2023_09_13_22_16_01:scan-input:scanFiles:./input/
2023_09_13_22_16_01:scan-input:listDirFiles:./input/
2023_09_13_22_16_01:scan-input:listDirFiles:No file found
2023_09_13_22_18_01:scan-input:scanFiles:./input/
2023_09_13_22_18_01:scan-input:listDirFiles:./input/
2023_09_13_22_18_01:scan-input:listDirFiles:No file found
2023_09_13_22_20_01:scan-input:scanFiles:./input/
2023_09_13_22_20_01:scan-input:listDirFiles:./input/
2023_09_13_22_20_01:scan-input:listDirFiles:No file found
2023_09_13_22_22_01:scan-input:scanFiles:./input/
2023_09_13_22_22_01:scan-input:listDirFiles:./input/
2023_09_13_22_22_01:scan-input:listDirFiles:No file found
2023_09_13_22_24_01:scan-input:scanFiles:./input/
2023_09_13_22_24_01:scan-input:listDirFiles:./input/
2023_09_13_22_24_01:scan-input:listDirFiles:No file found
2023_09_13_22_26_01:scan-input:scanFiles:./input/
2023_09_13_22_26_01:scan-input:listDirFiles:./input/
2023_09_13_22_26_01:scan-input:listDirFiles:No file found
2023_09_13_22_28_01:scan-input:scanFiles:./input/
2023_09_13_22_28_01:scan-input:listDirFiles:./input/
2023_09_13_22_28_01:scan-input:listDirFiles:No file found
2023_09_13_22_30_01:scan-input:scanFiles:./input/
2023_09_13_22_30_01:scan-input:listDirFiles:./input/
2023_09_13_22_30_01:scan-input:listDirFiles:No file found
2023_09_13_22_32_01:scan-input:scanFiles:./input/
2023_09_13_22_32_01:scan-input:listDirFiles:./input/
2023_09_13_22_32_01:scan-input:listDirFiles:No file found
2023_09_13_22_34_01:scan-input:scanFiles:./input/
2023_09_13_22_34_01:scan-input:listDirFiles:./input/
2023_09_13_22_34_01:scan-input:listDirFiles:No file found
2023_09_13_22_36_01:scan-input:scanFiles:./input/
2023_09_13_22_36_01:scan-input:listDirFiles:./input/
2023_09_13_22_36_01:scan-input:listDirFiles:No file found
2023_09_13_22_38_01:scan-input:scanFiles:./input/
2023_09_13_22_38_01:scan-input:listDirFiles:./input/
2023_09_13_22_38_01:scan-input:listDirFiles:No file found
2023_09_13_22_40_01:scan-input:scanFiles:./input/
2023_09_13_22_40_01:scan-input:listDirFiles:./input/
2023_09_13_22_40_01:scan-input:listDirFiles:No file found
2023_09_13_22_42_01:scan-input:scanFiles:./input/
2023_09_13_22_42_01:scan-input:listDirFiles:./input/
2023_09_13_22_42_01:scan-input:listDirFiles:No file found
2023_09_13_22_44_01:scan-input:scanFiles:./input/
2023_09_13_22_44_01:scan-input:listDirFiles:./input/
2023_09_13_22_44_01:scan-input:listDirFiles:No file found
2023_09_13_22_46_01:scan-input:scanFiles:./input/
2023_09_13_22_46_01:scan-input:listDirFiles:./input/
2023_09_13_22_46_01:scan-input:listDirFiles:No file found
2023_09_13_22_48_01:scan-input:scanFiles:./input/
2023_09_13_22_48_01:scan-input:listDirFiles:./input/
2023_09_13_22_48_01:scan-input:listDirFiles:No file found
2023_09_13_22_50_01:scan-input:scanFiles:./input/
2023_09_13_22_50_01:scan-input:listDirFiles:./input/
2023_09_13_22_50_01:scan-input:listDirFiles:No file found
2023_09_13_22_52_01:scan-input:scanFiles:./input/
2023_09_13_22_52_01:scan-input:listDirFiles:./input/
2023_09_13_22_52_01:scan-input:listDirFiles:No file found
2023_09_13_22_54_01:scan-input:scanFiles:./input/
2023_09_13_22_54_01:scan-input:listDirFiles:./input/
2023_09_13_22_54_01:scan-input:listDirFiles:No file found
2023_09_13_22_56_01:scan-input:scanFiles:./input/
2023_09_13_22_56_01:scan-input:listDirFiles:./input/
2023_09_13_22_56_01:scan-input:listDirFiles:No file found
2023_09_13_22_58_01:scan-input:scanFiles:./input/
2023_09_13_22_58_01:scan-input:listDirFiles:./input/
2023_09_13_22_58_01:scan-input:listDirFiles:No file found
2023_09_13_23_00_01:scan-input:scanFiles:./input/
2023_09_13_23_00_01:scan-input:listDirFiles:./input/
2023_09_13_23_00_01:scan-input:listDirFiles:No file found
2023_09_13_23_02_01:scan-input:scanFiles:./input/
2023_09_13_23_02_01:scan-input:listDirFiles:./input/
2023_09_13_23_02_01:scan-input:listDirFiles:No file found
2023_09_13_23_04_01:scan-input:scanFiles:./input/
2023_09_13_23_04_01:scan-input:listDirFiles:./input/
2023_09_13_23_04_01:scan-input:listDirFiles:No file found
2023_09_13_23_06_01:scan-input:scanFiles:./input/
2023_09_13_23_06_01:scan-input:listDirFiles:./input/
2023_09_13_23_06_01:scan-input:listDirFiles:No file found
2023_09_13_23_08_01:scan-input:scanFiles:./input/
2023_09_13_23_08_01:scan-input:listDirFiles:./input/
2023_09_13_23_08_01:scan-input:listDirFiles:No file found
2023_09_13_23_10_01:scan-input:scanFiles:./input/
2023_09_13_23_10_01:scan-input:listDirFiles:./input/
2023_09_13_23_10_01:scan-input:listDirFiles:No file found
2023_09_13_23_12_01:scan-input:scanFiles:./input/
2023_09_13_23_12_01:scan-input:listDirFiles:./input/
2023_09_13_23_12_01:scan-input:listDirFiles:No file found
2023_09_13_23_14_01:scan-input:scanFiles:./input/
2023_09_13_23_14_01:scan-input:listDirFiles:./input/
2023_09_13_23_14_01:scan-input:listDirFiles:No file found
2023_09_13_23_16_01:scan-input:scanFiles:./input/
2023_09_13_23_16_01:scan-input:listDirFiles:./input/
2023_09_13_23_16_01:scan-input:listDirFiles:No file found
2023_09_13_23_18_01:scan-input:scanFiles:./input/
2023_09_13_23_18_01:scan-input:listDirFiles:./input/
2023_09_13_23_18_01:scan-input:listDirFiles:No file found
2023_09_13_23_20_01:scan-input:scanFiles:./input/
2023_09_13_23_20_01:scan-input:listDirFiles:./input/
2023_09_13_23_20_01:scan-input:listDirFiles:No file found
2023_09_13_23_22_01:scan-input:scanFiles:./input/
2023_09_13_23_22_01:scan-input:listDirFiles:./input/
2023_09_13_23_22_01:scan-input:listDirFiles:No file found
2023_09_13_23_24_01:scan-input:scanFiles:./input/
2023_09_13_23_24_01:scan-input:listDirFiles:./input/
2023_09_13_23_24_01:scan-input:listDirFiles:No file found
2023_09_13_23_26_01:scan-input:scanFiles:./input/
2023_09_13_23_26_01:scan-input:listDirFiles:./input/
2023_09_13_23_26_01:scan-input:listDirFiles:No file found
2023_09_13_23_28_01:scan-input:scanFiles:./input/
2023_09_13_23_28_01:scan-input:listDirFiles:./input/
2023_09_13_23_28_01:scan-input:listDirFiles:No file found
2023_09_13_23_30_01:scan-input:scanFiles:./input/
2023_09_13_23_30_01:scan-input:listDirFiles:./input/
2023_09_13_23_30_01:scan-input:listDirFiles:No file found
2023_09_13_23_32_01:scan-input:scanFiles:./input/
2023_09_13_23_32_01:scan-input:listDirFiles:./input/
2023_09_13_23_32_01:scan-input:listDirFiles:No file found
2023_09_13_23_34_01:scan-input:scanFiles:./input/
2023_09_13_23_34_01:scan-input:listDirFiles:./input/
2023_09_13_23_34_01:scan-input:listDirFiles:No file found
2023_09_13_23_36_01:scan-input:scanFiles:./input/
2023_09_13_23_36_01:scan-input:listDirFiles:./input/
2023_09_13_23_36_01:scan-input:listDirFiles:No file found
2023_09_13_23_38_01:scan-input:scanFiles:./input/
2023_09_13_23_38_01:scan-input:listDirFiles:./input/
2023_09_13_23_38_01:scan-input:listDirFiles:No file found
2023_09_13_23_40_01:scan-input:scanFiles:./input/
2023_09_13_23_40_01:scan-input:listDirFiles:./input/
2023_09_13_23_40_01:scan-input:listDirFiles:No file found
2023_09_13_23_42_01:scan-input:scanFiles:./input/
2023_09_13_23_42_01:scan-input:listDirFiles:./input/
2023_09_13_23_42_01:scan-input:listDirFiles:No file found
2023_09_13_23_44_01:scan-input:scanFiles:./input/
2023_09_13_23_44_01:scan-input:listDirFiles:./input/
2023_09_13_23_44_01:scan-input:listDirFiles:No file found
2023_09_13_23_46_01:scan-input:scanFiles:./input/
2023_09_13_23_46_01:scan-input:listDirFiles:./input/
2023_09_13_23_46_01:scan-input:listDirFiles:No file found
2023_09_13_23_48_01:scan-input:scanFiles:./input/
2023_09_13_23_48_01:scan-input:listDirFiles:./input/
2023_09_13_23_48_01:scan-input:listDirFiles:No file found
2023_09_13_23_50_01:scan-input:scanFiles:./input/
2023_09_13_23_50_01:scan-input:listDirFiles:./input/
2023_09_13_23_50_01:scan-input:listDirFiles:No file found
2023_09_13_23_52_01:scan-input:scanFiles:./input/
2023_09_13_23_52_01:scan-input:listDirFiles:./input/
2023_09_13_23_52_01:scan-input:listDirFiles:No file found
2023_09_13_23_54_01:scan-input:scanFiles:./input/
2023_09_13_23_54_01:scan-input:listDirFiles:./input/
2023_09_13_23_54_01:scan-input:listDirFiles:No file found
2023_09_13_23_56_01:scan-input:scanFiles:./input/
2023_09_13_23_56_01:scan-input:listDirFiles:./input/
2023_09_13_23_56_01:scan-input:listDirFiles:No file found
2023_09_13_23_58_01:scan-input:scanFiles:./input/
2023_09_13_23_58_01:scan-input:listDirFiles:./input/
2023_09_13_23_58_01:scan-input:listDirFiles:No file found
