2023_09_08_00_00_52:scan-input:scanFiles:./input/
2023_09_08_00_00_52:scan-input:listDirFiles:./input/
2023_09_08_00_00_52:scan-input:listDirFiles:No file found
2023_09_08_00_02_52:scan-input:scanFiles:./input/
2023_09_08_00_02_52:scan-input:listDirFiles:./input/
2023_09_08_00_02_52:scan-input:listDirFiles:No file found
2023_09_08_00_04_52:scan-input:scanFiles:./input/
2023_09_08_00_04_52:scan-input:listDirFiles:./input/
2023_09_08_00_04_52:scan-input:listDirFiles:No file found
2023_09_08_00_06_52:scan-input:scanFiles:./input/
2023_09_08_00_06_52:scan-input:listDirFiles:./input/
2023_09_08_00_06_52:scan-input:listDirFiles:No file found
2023_09_08_00_08_52:scan-input:scanFiles:./input/
2023_09_08_00_08_52:scan-input:listDirFiles:./input/
2023_09_08_00_08_52:scan-input:listDirFiles:No file found
2023_09_08_00_10_52:scan-input:scanFiles:./input/
2023_09_08_00_10_52:scan-input:listDirFiles:./input/
2023_09_08_00_10_52:scan-input:listDirFiles:No file found
2023_09_08_00_12_52:scan-input:scanFiles:./input/
2023_09_08_00_12_52:scan-input:listDirFiles:./input/
2023_09_08_00_12_52:scan-input:listDirFiles:No file found
2023_09_08_00_14_53:scan-input:scanFiles:./input/
2023_09_08_00_14_53:scan-input:listDirFiles:./input/
2023_09_08_00_14_53:scan-input:listDirFiles:No file found
2023_09_08_00_16_53:scan-input:scanFiles:./input/
2023_09_08_00_16_53:scan-input:listDirFiles:./input/
2023_09_08_00_16_53:scan-input:listDirFiles:No file found
2023_09_08_00_18_53:scan-input:scanFiles:./input/
2023_09_08_00_18_53:scan-input:listDirFiles:./input/
2023_09_08_00_18_53:scan-input:listDirFiles:No file found
2023_09_08_00_20_53:scan-input:scanFiles:./input/
2023_09_08_00_20_53:scan-input:listDirFiles:./input/
2023_09_08_00_20_53:scan-input:listDirFiles:No file found
2023_09_08_00_22_53:scan-input:scanFiles:./input/
2023_09_08_00_22_53:scan-input:listDirFiles:./input/
2023_09_08_00_22_53:scan-input:listDirFiles:No file found
2023_09_08_00_24_53:scan-input:scanFiles:./input/
2023_09_08_00_24_53:scan-input:listDirFiles:./input/
2023_09_08_00_24_53:scan-input:listDirFiles:No file found
2023_09_08_00_26_53:scan-input:scanFiles:./input/
2023_09_08_00_26_53:scan-input:listDirFiles:./input/
2023_09_08_00_26_53:scan-input:listDirFiles:No file found
2023_09_08_00_28_53:scan-input:scanFiles:./input/
2023_09_08_00_28_53:scan-input:listDirFiles:./input/
2023_09_08_00_28_53:scan-input:listDirFiles:No file found
2023_09_08_00_30_53:scan-input:scanFiles:./input/
2023_09_08_00_30_53:scan-input:listDirFiles:./input/
2023_09_08_00_30_53:scan-input:listDirFiles:No file found
2023_09_08_00_32_53:scan-input:scanFiles:./input/
2023_09_08_00_32_53:scan-input:listDirFiles:./input/
2023_09_08_00_32_53:scan-input:listDirFiles:No file found
2023_09_08_00_34_53:scan-input:scanFiles:./input/
2023_09_08_00_34_53:scan-input:listDirFiles:./input/
2023_09_08_00_34_53:scan-input:listDirFiles:No file found
2023_09_08_00_36_53:scan-input:scanFiles:./input/
2023_09_08_00_36_53:scan-input:listDirFiles:./input/
2023_09_08_00_36_53:scan-input:listDirFiles:No file found
2023_09_08_00_38_53:scan-input:scanFiles:./input/
2023_09_08_00_38_53:scan-input:listDirFiles:./input/
2023_09_08_00_38_53:scan-input:listDirFiles:No file found
2023_09_08_00_40_53:scan-input:scanFiles:./input/
2023_09_08_00_40_53:scan-input:listDirFiles:./input/
2023_09_08_00_40_53:scan-input:listDirFiles:No file found
2023_09_08_00_42_53:scan-input:scanFiles:./input/
2023_09_08_00_42_53:scan-input:listDirFiles:./input/
2023_09_08_00_42_53:scan-input:listDirFiles:No file found
2023_09_08_00_44_54:scan-input:scanFiles:./input/
2023_09_08_00_44_54:scan-input:listDirFiles:./input/
2023_09_08_00_44_54:scan-input:listDirFiles:No file found
2023_09_08_00_46_54:scan-input:scanFiles:./input/
2023_09_08_00_46_54:scan-input:listDirFiles:./input/
2023_09_08_00_46_54:scan-input:listDirFiles:No file found
2023_09_08_00_48_54:scan-input:scanFiles:./input/
2023_09_08_00_48_54:scan-input:listDirFiles:./input/
2023_09_08_00_48_54:scan-input:listDirFiles:No file found
2023_09_08_00_50_54:scan-input:scanFiles:./input/
2023_09_08_00_50_54:scan-input:listDirFiles:./input/
2023_09_08_00_50_54:scan-input:listDirFiles:No file found
2023_09_08_00_52_54:scan-input:scanFiles:./input/
2023_09_08_00_52_54:scan-input:listDirFiles:./input/
2023_09_08_00_52_54:scan-input:listDirFiles:No file found
2023_09_08_00_54_54:scan-input:scanFiles:./input/
2023_09_08_00_54_54:scan-input:listDirFiles:./input/
2023_09_08_00_54_54:scan-input:listDirFiles:No file found
2023_09_08_00_56_54:scan-input:scanFiles:./input/
2023_09_08_00_56_54:scan-input:listDirFiles:./input/
2023_09_08_00_56_54:scan-input:listDirFiles:No file found
2023_09_08_00_58_54:scan-input:scanFiles:./input/
2023_09_08_00_58_54:scan-input:listDirFiles:./input/
2023_09_08_00_58_54:scan-input:listDirFiles:No file found
2023_09_08_01_00_54:scan-input:scanFiles:./input/
2023_09_08_01_00_54:scan-input:listDirFiles:./input/
2023_09_08_01_00_54:scan-input:listDirFiles:there are 1 files
2023_09_08_01_00_54:scan-input:getClassProcessFile:execute:listFiles:EVTWPAN23090801
2023_09_08_01_00_54:scan-input:getClassProcessFile:execute:call
2023_09_08_01_00_54:inputfile:processfile:listFile:EVTWPAN23090801
2023_09_08_01_00_54:inputfile:listDirFiles:./input//EVTWPAN23090801
2023_09_08_01_00_54:inputfile:listDirFiles:./input//EVTWPAN23090801
2023_09_08_01_00_54:inputfile:moveFile:./input//EVTWPAN23090801 moved to ./output/EVTWPAN23090801
2023_09_08_01_02_54:scan-input:scanFiles:./input/
2023_09_08_01_02_54:scan-input:listDirFiles:./input/
2023_09_08_01_02_54:scan-input:listDirFiles:No file found
2023_09_08_01_04_54:scan-input:scanFiles:./input/
2023_09_08_01_04_54:scan-input:listDirFiles:./input/
2023_09_08_01_04_54:scan-input:listDirFiles:No file found
2023_09_08_01_06_54:scan-input:scanFiles:./input/
2023_09_08_01_06_54:scan-input:listDirFiles:./input/
2023_09_08_01_06_54:scan-input:listDirFiles:No file found
2023_09_08_01_08_54:scan-input:scanFiles:./input/
2023_09_08_01_08_54:scan-input:listDirFiles:./input/
2023_09_08_01_08_54:scan-input:listDirFiles:No file found
2023_09_08_01_10_54:scan-input:scanFiles:./input/
2023_09_08_01_10_54:scan-input:listDirFiles:./input/
2023_09_08_01_10_54:scan-input:listDirFiles:No file found
2023_09_08_01_12_54:scan-input:scanFiles:./input/
2023_09_08_01_12_54:scan-input:listDirFiles:./input/
2023_09_08_01_12_54:scan-input:listDirFiles:No file found
2023_09_08_01_14_54:scan-input:scanFiles:./input/
2023_09_08_01_14_54:scan-input:listDirFiles:./input/
2023_09_08_01_14_54:scan-input:listDirFiles:No file found
2023_09_08_01_16_54:scan-input:scanFiles:./input/
2023_09_08_01_16_54:scan-input:listDirFiles:./input/
2023_09_08_01_16_54:scan-input:listDirFiles:No file found
2023_09_08_01_18_54:scan-input:scanFiles:./input/
2023_09_08_01_18_54:scan-input:listDirFiles:./input/
2023_09_08_01_18_54:scan-input:listDirFiles:No file found
2023_09_08_01_20_54:scan-input:scanFiles:./input/
2023_09_08_01_20_54:scan-input:listDirFiles:./input/
2023_09_08_01_20_54:scan-input:listDirFiles:No file found
2023_09_08_01_22_54:scan-input:scanFiles:./input/
2023_09_08_01_22_54:scan-input:listDirFiles:./input/
2023_09_08_01_22_54:scan-input:listDirFiles:No file found
2023_09_08_01_24_54:scan-input:scanFiles:./input/
2023_09_08_01_24_54:scan-input:listDirFiles:./input/
2023_09_08_01_24_54:scan-input:listDirFiles:No file found
2023_09_08_01_26_54:scan-input:scanFiles:./input/
2023_09_08_01_26_54:scan-input:listDirFiles:./input/
2023_09_08_01_26_54:scan-input:listDirFiles:No file found
2023_09_08_01_28_55:scan-input:scanFiles:./input/
2023_09_08_01_28_55:scan-input:listDirFiles:./input/
2023_09_08_01_28_55:scan-input:listDirFiles:No file found
2023_09_08_01_30_55:scan-input:scanFiles:./input/
2023_09_08_01_30_55:scan-input:listDirFiles:./input/
2023_09_08_01_30_55:scan-input:listDirFiles:No file found
2023_09_08_01_32_55:scan-input:scanFiles:./input/
2023_09_08_01_32_55:scan-input:listDirFiles:./input/
2023_09_08_01_32_55:scan-input:listDirFiles:No file found
2023_09_08_01_34_55:scan-input:scanFiles:./input/
2023_09_08_01_34_55:scan-input:listDirFiles:./input/
2023_09_08_01_34_55:scan-input:listDirFiles:No file found
2023_09_08_01_36_55:scan-input:scanFiles:./input/
2023_09_08_01_36_55:scan-input:listDirFiles:./input/
2023_09_08_01_36_55:scan-input:listDirFiles:No file found
2023_09_08_01_38_55:scan-input:scanFiles:./input/
2023_09_08_01_38_55:scan-input:listDirFiles:./input/
2023_09_08_01_38_55:scan-input:listDirFiles:No file found
2023_09_08_01_40_55:scan-input:scanFiles:./input/
2023_09_08_01_40_55:scan-input:listDirFiles:./input/
2023_09_08_01_40_55:scan-input:listDirFiles:No file found
2023_09_08_01_42_55:scan-input:scanFiles:./input/
2023_09_08_01_42_55:scan-input:listDirFiles:./input/
2023_09_08_01_42_55:scan-input:listDirFiles:No file found
2023_09_08_01_44_55:scan-input:scanFiles:./input/
2023_09_08_01_44_55:scan-input:listDirFiles:./input/
2023_09_08_01_44_55:scan-input:listDirFiles:No file found
2023_09_08_01_46_55:scan-input:scanFiles:./input/
2023_09_08_01_46_55:scan-input:listDirFiles:./input/
2023_09_08_01_46_55:scan-input:listDirFiles:No file found
2023_09_08_01_48_55:scan-input:scanFiles:./input/
2023_09_08_01_48_55:scan-input:listDirFiles:./input/
2023_09_08_01_48_55:scan-input:listDirFiles:No file found
2023_09_08_01_50_55:scan-input:scanFiles:./input/
2023_09_08_01_50_55:scan-input:listDirFiles:./input/
2023_09_08_01_50_55:scan-input:listDirFiles:No file found
2023_09_08_01_52_55:scan-input:scanFiles:./input/
2023_09_08_01_52_55:scan-input:listDirFiles:./input/
2023_09_08_01_52_55:scan-input:listDirFiles:No file found
2023_09_08_01_54_56:scan-input:scanFiles:./input/
2023_09_08_01_54_56:scan-input:listDirFiles:./input/
2023_09_08_01_54_56:scan-input:listDirFiles:No file found
2023_09_08_01_56_56:scan-input:scanFiles:./input/
2023_09_08_01_56_56:scan-input:listDirFiles:./input/
2023_09_08_01_56_56:scan-input:listDirFiles:there are 1 files
2023_09_08_01_56_56:scan-input:getClassProcessFile:execute:listFiles:EVTWPAN23090802
2023_09_08_01_56_56:scan-input:getClassProcessFile:execute:call
2023_09_08_01_56_56:inputfile:processfile:listFile:EVTWPAN23090802
2023_09_08_01_56_56:inputfile:listDirFiles:./input//EVTWPAN23090802
2023_09_08_01_56_56:inputfile:listDirFiles:./input//EVTWPAN23090802
2023_09_08_01_56_56:inputfile:moveFile:./input//EVTWPAN23090802 moved to ./output/EVTWPAN23090802
2023_09_08_01_58_56:scan-input:scanFiles:./input/
2023_09_08_01_58_56:scan-input:listDirFiles:./input/
2023_09_08_01_58_56:scan-input:listDirFiles:No file found
2023_09_08_02_00_56:scan-input:scanFiles:./input/
2023_09_08_02_00_56:scan-input:listDirFiles:./input/
2023_09_08_02_00_56:scan-input:listDirFiles:No file found
2023_09_08_02_02_56:scan-input:scanFiles:./input/
2023_09_08_02_02_56:scan-input:listDirFiles:./input/
2023_09_08_02_02_56:scan-input:listDirFiles:No file found
2023_09_08_02_04_56:scan-input:scanFiles:./input/
2023_09_08_02_04_56:scan-input:listDirFiles:./input/
2023_09_08_02_04_56:scan-input:listDirFiles:No file found
2023_09_08_02_06_56:scan-input:scanFiles:./input/
2023_09_08_02_06_56:scan-input:listDirFiles:./input/
2023_09_08_02_06_56:scan-input:listDirFiles:No file found
2023_09_08_02_08_56:scan-input:scanFiles:./input/
2023_09_08_02_08_56:scan-input:listDirFiles:./input/
2023_09_08_02_08_56:scan-input:listDirFiles:No file found
2023_09_08_02_10_56:scan-input:scanFiles:./input/
2023_09_08_02_10_56:scan-input:listDirFiles:./input/
2023_09_08_02_10_56:scan-input:listDirFiles:No file found
2023_09_08_02_12_56:scan-input:scanFiles:./input/
2023_09_08_02_12_56:scan-input:listDirFiles:./input/
2023_09_08_02_12_56:scan-input:listDirFiles:No file found
2023_09_08_02_14_56:scan-input:scanFiles:./input/
2023_09_08_02_14_56:scan-input:listDirFiles:./input/
2023_09_08_02_14_56:scan-input:listDirFiles:No file found
2023_09_08_02_16_56:scan-input:scanFiles:./input/
2023_09_08_02_16_56:scan-input:listDirFiles:./input/
2023_09_08_02_16_56:scan-input:listDirFiles:No file found
2023_09_08_02_18_56:scan-input:scanFiles:./input/
2023_09_08_02_18_56:scan-input:listDirFiles:./input/
2023_09_08_02_18_56:scan-input:listDirFiles:there are 1 files
2023_09_08_02_18_56:scan-input:getClassProcessFile:execute:listFiles:EVTWPAN23090803
2023_09_08_02_18_56:scan-input:getClassProcessFile:execute:call
2023_09_08_02_18_56:inputfile:processfile:listFile:EVTWPAN23090803
2023_09_08_02_18_56:inputfile:listDirFiles:./input//EVTWPAN23090803
2023_09_08_02_18_56:inputfile:listDirFiles:./input//EVTWPAN23090803
2023_09_08_02_18_56:inputfile:moveFile:./input//EVTWPAN23090803 moved to ./output/EVTWPAN23090803
2023_09_08_02_20_56:scan-input:scanFiles:./input/
2023_09_08_02_20_56:scan-input:listDirFiles:./input/
2023_09_08_02_20_56:scan-input:listDirFiles:No file found
2023_09_08_02_22_57:scan-input:scanFiles:./input/
2023_09_08_02_22_57:scan-input:listDirFiles:./input/
2023_09_08_02_22_57:scan-input:listDirFiles:No file found
2023_09_08_02_24_57:scan-input:scanFiles:./input/
2023_09_08_02_24_57:scan-input:listDirFiles:./input/
2023_09_08_02_24_57:scan-input:listDirFiles:No file found
2023_09_08_02_26_57:scan-input:scanFiles:./input/
2023_09_08_02_26_57:scan-input:listDirFiles:./input/
2023_09_08_02_26_57:scan-input:listDirFiles:No file found
2023_09_08_02_28_57:scan-input:scanFiles:./input/
2023_09_08_02_28_57:scan-input:listDirFiles:./input/
2023_09_08_02_28_57:scan-input:listDirFiles:No file found
2023_09_08_02_30_57:scan-input:scanFiles:./input/
2023_09_08_02_30_57:scan-input:listDirFiles:./input/
2023_09_08_02_30_57:scan-input:listDirFiles:No file found
